
ROM used:   453/4096 (11%)
            453/4096 (11%) including unused fragments

            0.3 Average locations per line
            4.1 Average locations per statement

RAM used:   5/383 (1%) at main() level
            28/383 (7%) worst case

Stack used: 5 worst case (5 in main + 0 for interrupts)
Stack size: 16

Lines Stmts  %   Files
----- ----- ---  -----
   34    26  24  main.c
    7     0   0  main.h
  895     0   0  C:\Program Files (x86)\PICC\Devices\16F1827.h
  456    84  76  C:\Program Files (x86)\PICC\Drivers\LCD.c
----- -----
 1392   110 Total

Page ROM  %  RAM   Vol Diff  Functions:
---- --- --- ---   --- ----  ----------
0     22   5    1             @delay_ms1
 Inline         3   596  5.9  lcd_read_byte
0      6   1    0    59  4.2  lcd_read_nibble
0     12   3    1   179  3.3  lcd_send_nibble
0     64  14    3   460  4.7  lcd_send_byte
0     64  14    6   814  7.2  lcd_init
0     18   4    4   208  6.3  lcd_gotoxy
0     44  10    1   354  4.7  lcd_putc
0    112  25    1   723  3.8  MAIN
0      1   0    0             @const690
0     74  16    3             @PSTRINGC7_675
0      8   2    0             @const692
0      4   1    0             @const693
0      8   2    0             @const694
0      5   1    0             @const695
0      8   2    0             @const696
 Inline         0             @cinit1

Program metrics:
    Functions               8
    Statements              110
    Comments                250
    Volume (V)              5110
    Difficulty (D)          37.6
    Effort to implement (E) 191948
    Time to implement (T)   2 hours, 58 minutes
    Est Delivered Bugs (B)  1
    Cyclomatic Complexity   10
    Maintainability (MI)    129

 Segment     Used  Free
-----------  ----  ----
00000-00002     3  0  
00003-007FF   450  1595  
00800-00FFF     0  2048  



